

Version:	3.14
CmdLine:	D:\KtisiDonjo\out\artifacts\KtisiDonjo_jar\KtisiDonjo.exe --l4j-debug
WOW64:		yes
Working dir:	D:\KtisiDonjo\out\artifacts\KtisiDonjo_jar\.
Java min ver:	1.001.000
Java max ver:	
64-bit search:	SOFTWARE\JavaSoft\Java Runtime Environment...
Check:		SOFTWARE\JavaSoft\Java Runtime Environment\1.8
Check launcher:	C:\Program Files\Java\jre1.8.0_211\bin\javaw.exe (OK)
Match:		1.008.000
Check:		SOFTWARE\JavaSoft\Java Runtime Environment\1.8.0_211
Check launcher:	C:\Program Files\Java\jre1.8.0_211\bin\javaw.exe (OK)
Match:		1.008.000_211
64-bit search:	SOFTWARE\JavaSoft\Java Development Kit...
64-bit search:	SOFTWARE\JavaSoft\JRE...
64-bit search:	SOFTWARE\JavaSoft\JDK...
Check:		SOFTWARE\JavaSoft\JDK\12.0.1
Check launcher:	C:\Program Files\Java\jdk-12.0.1\bin\javaw.exe (OK)
Match:		1.012.000_001
Runtime used:	1.012.000_001 (64-bit)
Launcher:	C:\Program Files\Java\jdk-12.0.1\bin\javaw.exe
Launcher args:	-jar "D:\KtisiDonjo\out\artifacts\KtisiDonjo_jar\KtisiDonjo.exe"
Args length:	64/32768 chars
Exit code:	0


Version:	3.14
CmdLine:	D:\KtisiDonjo\out\artifacts\KtisiDonjo_jar\KtisiDonjo.exe --l4j-debug
WOW64:		yes
Working dir:	D:\KtisiDonjo\out\artifacts\KtisiDonjo_jar\.
Java min ver:	1.001.000
Java max ver:	
64-bit search:	SOFTWARE\JavaSoft\Java Runtime Environment...
Check:		SOFTWARE\JavaSoft\Java Runtime Environment\1.8
Check launcher:	C:\Program Files\Java\jre1.8.0_211\bin\javaw.exe (OK)
Match:		1.008.000
Check:		SOFTWARE\JavaSoft\Java Runtime Environment\1.8.0_211
Check launcher:	C:\Program Files\Java\jre1.8.0_211\bin\javaw.exe (OK)
Match:		1.008.000_211
64-bit search:	SOFTWARE\JavaSoft\Java Development Kit...
64-bit search:	SOFTWARE\JavaSoft\JRE...
64-bit search:	SOFTWARE\JavaSoft\JDK...
Check:		SOFTWARE\JavaSoft\JDK\12.0.1
Check launcher:	C:\Program Files\Java\jdk-12.0.1\bin\javaw.exe (OK)
Match:		1.012.000_001
Runtime used:	1.012.000_001 (64-bit)
Launcher:	C:\Program Files\Java\jdk-12.0.1\bin\javaw.exe
Launcher args:	-jar "D:\KtisiDonjo\out\artifacts\KtisiDonjo_jar\KtisiDonjo.exe"
Args length:	64/32768 chars
Exit code:	0


Version:	3.14
CmdLine:	D:\KtisiDonjo\out\artifacts\KtisiDonjo_jar\KtisiDonjo.exe --l4j-debug
WOW64:		yes
Working dir:	D:\KtisiDonjo\out\artifacts\KtisiDonjo_jar\.
Java min ver:	1.001.000
Java max ver:	
64-bit search:	SOFTWARE\JavaSoft\Java Runtime Environment...
Check:		SOFTWARE\JavaSoft\Java Runtime Environment\1.8
Check launcher:	C:\Program Files\Java\jre1.8.0_211\bin\javaw.exe (OK)
Match:		1.008.000
Check:		SOFTWARE\JavaSoft\Java Runtime Environment\1.8.0_211
Check launcher:	C:\Program Files\Java\jre1.8.0_211\bin\javaw.exe (OK)
Match:		1.008.000_211
64-bit search:	SOFTWARE\JavaSoft\Java Development Kit...
64-bit search:	SOFTWARE\JavaSoft\JRE...
64-bit search:	SOFTWARE\JavaSoft\JDK...
Check:		SOFTWARE\JavaSoft\JDK\12.0.1
Check launcher:	C:\Program Files\Java\jdk-12.0.1\bin\javaw.exe (OK)
Match:		1.012.000_001
Runtime used:	1.012.000_001 (64-bit)
Launcher:	C:\Program Files\Java\jdk-12.0.1\bin\javaw.exe
Launcher args:	-jar "D:\KtisiDonjo\out\artifacts\KtisiDonjo_jar\KtisiDonjo.exe"
Args length:	64/32768 chars
Exit code:	0


Version:	3.14
CmdLine:	D:\KtisiDonjo\out\artifacts\KtisiDonjo_jar\KtisiDonjo.exe --l4j-debug
WOW64:		yes
Working dir:	D:\KtisiDonjo\out\artifacts\KtisiDonjo_jar\.
Java min ver:	1.001.000
Java max ver:	
64-bit search:	SOFTWARE\JavaSoft\Java Runtime Environment...
Check:		SOFTWARE\JavaSoft\Java Runtime Environment\1.8
Check launcher:	C:\Program Files\Java\jre1.8.0_211\bin\javaw.exe (OK)
Match:		1.008.000
Check:		SOFTWARE\JavaSoft\Java Runtime Environment\1.8.0_211
Check launcher:	C:\Program Files\Java\jre1.8.0_211\bin\javaw.exe (OK)
Match:		1.008.000_211
64-bit search:	SOFTWARE\JavaSoft\Java Development Kit...
64-bit search:	SOFTWARE\JavaSoft\JRE...
64-bit search:	SOFTWARE\JavaSoft\JDK...
Check:		SOFTWARE\JavaSoft\JDK\12.0.1
Check launcher:	C:\Program Files\Java\jdk-12.0.1\bin\javaw.exe (OK)
Match:		1.012.000_001
Runtime used:	1.012.000_001 (64-bit)
Launcher:	C:\Program Files\Java\jdk-12.0.1\bin\javaw.exe
Launcher args:	-jar "D:\KtisiDonjo\out\artifacts\KtisiDonjo_jar\KtisiDonjo.exe"
Args length:	64/32768 chars
Exit code:	0


Version:	3.14
CmdLine:	D:\KtisiDonjo\out\artifacts\KtisiDonjo_jar\KtisiDonjo.exe --l4j-debug
WOW64:		yes
Working dir:	D:\KtisiDonjo\out\artifacts\KtisiDonjo_jar\.
Java min ver:	1.001.000
Java max ver:	
64-bit search:	SOFTWARE\JavaSoft\Java Runtime Environment...
Check:		SOFTWARE\JavaSoft\Java Runtime Environment\1.8
Check launcher:	C:\Program Files\Java\jre1.8.0_211\bin\javaw.exe (OK)
Match:		1.008.000
Check:		SOFTWARE\JavaSoft\Java Runtime Environment\1.8.0_211
Check launcher:	C:\Program Files\Java\jre1.8.0_211\bin\javaw.exe (OK)
Match:		1.008.000_211
64-bit search:	SOFTWARE\JavaSoft\Java Development Kit...
64-bit search:	SOFTWARE\JavaSoft\JRE...
64-bit search:	SOFTWARE\JavaSoft\JDK...
Check:		SOFTWARE\JavaSoft\JDK\12.0.1
Check launcher:	C:\Program Files\Java\jdk-12.0.1\bin\javaw.exe (OK)
Match:		1.012.000_001
Runtime used:	1.012.000_001 (64-bit)
Launcher:	C:\Program Files\Java\jdk-12.0.1\bin\javaw.exe
Launcher args:	-jar "D:\KtisiDonjo\out\artifacts\KtisiDonjo_jar\KtisiDonjo.exe"
Args length:	64/32768 chars
Exit code:	0


Version:	3.14
CmdLine:	D:\KtisiDonjo\out\artifacts\KtisiDonjo_jar\KtisiDonjo.exe --l4j-debug
WOW64:		yes
Working dir:	D:\KtisiDonjo\out\artifacts\KtisiDonjo_jar\.
Java min ver:	1.001.000
Java max ver:	
64-bit search:	SOFTWARE\JavaSoft\Java Runtime Environment...
Check:		SOFTWARE\JavaSoft\Java Runtime Environment\1.8
Check launcher:	C:\Program Files\Java\jre1.8.0_211\bin\javaw.exe (OK)
Match:		1.008.000
Check:		SOFTWARE\JavaSoft\Java Runtime Environment\1.8.0_211
Check launcher:	C:\Program Files\Java\jre1.8.0_211\bin\javaw.exe (OK)
Match:		1.008.000_211
64-bit search:	SOFTWARE\JavaSoft\Java Development Kit...
64-bit search:	SOFTWARE\JavaSoft\JRE...
64-bit search:	SOFTWARE\JavaSoft\JDK...
Check:		SOFTWARE\JavaSoft\JDK\12.0.1
Check launcher:	C:\Program Files\Java\jdk-12.0.1\bin\javaw.exe (OK)
Match:		1.012.000_001
Runtime used:	1.012.000_001 (64-bit)
Launcher:	C:\Program Files\Java\jdk-12.0.1\bin\javaw.exe
Launcher args:	-jar "D:\KtisiDonjo\out\artifacts\KtisiDonjo_jar\KtisiDonjo.exe"
Args length:	64/32768 chars
Exit code:	0


Version:	3.14
CmdLine:	D:\KtisiDonjo\out\artifacts\KtisiDonjo_jar\KtisiDonjo.exe --l4j-debug
WOW64:		yes
Working dir:	D:\KtisiDonjo\out\artifacts\KtisiDonjo_jar\.
Java min ver:	1.001.000
Java max ver:	
64-bit search:	SOFTWARE\JavaSoft\Java Runtime Environment...
Check:		SOFTWARE\JavaSoft\Java Runtime Environment\1.8
Check launcher:	C:\Program Files\Java\jre1.8.0_211\bin\javaw.exe (OK)
Match:		1.008.000
Check:		SOFTWARE\JavaSoft\Java Runtime Environment\1.8.0_211
Check launcher:	C:\Program Files\Java\jre1.8.0_211\bin\javaw.exe (OK)
Match:		1.008.000_211
64-bit search:	SOFTWARE\JavaSoft\Java Development Kit...
64-bit search:	SOFTWARE\JavaSoft\JRE...
64-bit search:	SOFTWARE\JavaSoft\JDK...
Check:		SOFTWARE\JavaSoft\JDK\12.0.1
Check launcher:	C:\Program Files\Java\jdk-12.0.1\bin\javaw.exe (OK)
Match:		1.012.000_001
Runtime used:	1.012.000_001 (64-bit)
Launcher:	C:\Program Files\Java\jdk-12.0.1\bin\javaw.exe
Launcher args:	-jar "D:\KtisiDonjo\out\artifacts\KtisiDonjo_jar\KtisiDonjo.exe"
Args length:	64/32768 chars
Exit code:	0


Version:	3.14
CmdLine:	D:\KtisiDonjo\out\artifacts\KtisiDonjo_jar\KtisiDonjo.exe --l4j-debug
WOW64:		yes
Working dir:	D:\KtisiDonjo\out\artifacts\KtisiDonjo_jar\.
Java min ver:	1.001.000
Java max ver:	
64-bit search:	SOFTWARE\JavaSoft\Java Runtime Environment...
Check:		SOFTWARE\JavaSoft\Java Runtime Environment\1.8
Check launcher:	C:\Program Files\Java\jre1.8.0_211\bin\javaw.exe (OK)
Match:		1.008.000
Check:		SOFTWARE\JavaSoft\Java Runtime Environment\1.8.0_211
Check launcher:	C:\Program Files\Java\jre1.8.0_211\bin\javaw.exe (OK)
Match:		1.008.000_211
64-bit search:	SOFTWARE\JavaSoft\Java Development Kit...
64-bit search:	SOFTWARE\JavaSoft\JRE...
64-bit search:	SOFTWARE\JavaSoft\JDK...
Check:		SOFTWARE\JavaSoft\JDK\12.0.1
Check launcher:	C:\Program Files\Java\jdk-12.0.1\bin\javaw.exe (OK)
Match:		1.012.000_001
Runtime used:	1.012.000_001 (64-bit)
Launcher:	C:\Program Files\Java\jdk-12.0.1\bin\javaw.exe
Launcher args:	-jar "D:\KtisiDonjo\out\artifacts\KtisiDonjo_jar\KtisiDonjo.exe"
Args length:	64/32768 chars
Exit code:	0


Version:	3.14
CmdLine:	D:\KtisiDonjo\out\artifacts\KtisiDonjo_jar\KtisiDonjo.exe --l4j-debug
WOW64:		yes
Working dir:	D:\KtisiDonjo\out\artifacts\KtisiDonjo_jar\.
Java min ver:	1.001.000
Java max ver:	
64-bit search:	SOFTWARE\JavaSoft\Java Runtime Environment...
Check:		SOFTWARE\JavaSoft\Java Runtime Environment\1.8
Check launcher:	C:\Program Files\Java\jre1.8.0_211\bin\javaw.exe (OK)
Match:		1.008.000
Check:		SOFTWARE\JavaSoft\Java Runtime Environment\1.8.0_211
Check launcher:	C:\Program Files\Java\jre1.8.0_211\bin\javaw.exe (OK)
Match:		1.008.000_211
64-bit search:	SOFTWARE\JavaSoft\Java Development Kit...
64-bit search:	SOFTWARE\JavaSoft\JRE...
64-bit search:	SOFTWARE\JavaSoft\JDK...
Check:		SOFTWARE\JavaSoft\JDK\12.0.1
Check launcher:	C:\Program Files\Java\jdk-12.0.1\bin\javaw.exe (OK)
Match:		1.012.000_001
Runtime used:	1.012.000_001 (64-bit)
Launcher:	C:\Program Files\Java\jdk-12.0.1\bin\javaw.exe
Launcher args:	-jar "D:\KtisiDonjo\out\artifacts\KtisiDonjo_jar\KtisiDonjo.exe"
Args length:	64/32768 chars
Exit code:	0


Version:	3.14
CmdLine:	D:\KtisiDonjo\out\artifacts\KtisiDonjo_jar\KtisiDonjo.exe --l4j-debug
WOW64:		yes
Working dir:	D:\KtisiDonjo\out\artifacts\KtisiDonjo_jar\.
Java min ver:	1.001.000
Java max ver:	
64-bit search:	SOFTWARE\JavaSoft\Java Runtime Environment...
Check:		SOFTWARE\JavaSoft\Java Runtime Environment\1.8
Check launcher:	C:\Program Files\Java\jre1.8.0_211\bin\javaw.exe (OK)
Match:		1.008.000
Check:		SOFTWARE\JavaSoft\Java Runtime Environment\1.8.0_211
Check launcher:	C:\Program Files\Java\jre1.8.0_211\bin\javaw.exe (OK)
Match:		1.008.000_211
64-bit search:	SOFTWARE\JavaSoft\Java Development Kit...
64-bit search:	SOFTWARE\JavaSoft\JRE...
64-bit search:	SOFTWARE\JavaSoft\JDK...
Check:		SOFTWARE\JavaSoft\JDK\12.0.1
Check launcher:	C:\Program Files\Java\jdk-12.0.1\bin\javaw.exe (OK)
Match:		1.012.000_001
Runtime used:	1.012.000_001 (64-bit)
Launcher:	C:\Program Files\Java\jdk-12.0.1\bin\javaw.exe
Launcher args:	-jar "D:\KtisiDonjo\out\artifacts\KtisiDonjo_jar\KtisiDonjo.exe"
Args length:	64/32768 chars
Exit code:	0


Version:	3.14
CmdLine:	D:\KtisiDonjo\out\artifacts\KtisiDonjo_jar\KtisiDonjo.exe --l4j-debug
WOW64:		yes
Working dir:	D:\KtisiDonjo\out\artifacts\KtisiDonjo_jar\.
Java min ver:	1.001.000
Java max ver:	
64-bit search:	SOFTWARE\JavaSoft\Java Runtime Environment...
Check:		SOFTWARE\JavaSoft\Java Runtime Environment\1.8
Check launcher:	C:\Program Files\Java\jre1.8.0_211\bin\javaw.exe (OK)
Match:		1.008.000
Check:		SOFTWARE\JavaSoft\Java Runtime Environment\1.8.0_211
Check launcher:	C:\Program Files\Java\jre1.8.0_211\bin\javaw.exe (OK)
Match:		1.008.000_211
64-bit search:	SOFTWARE\JavaSoft\Java Development Kit...
64-bit search:	SOFTWARE\JavaSoft\JRE...
64-bit search:	SOFTWARE\JavaSoft\JDK...
Check:		SOFTWARE\JavaSoft\JDK\12.0.1
Check launcher:	C:\Program Files\Java\jdk-12.0.1\bin\javaw.exe (OK)
Match:		1.012.000_001
Runtime used:	1.012.000_001 (64-bit)
Launcher:	C:\Program Files\Java\jdk-12.0.1\bin\javaw.exe
Launcher args:	-jar "D:\KtisiDonjo\out\artifacts\KtisiDonjo_jar\KtisiDonjo.exe"
Args length:	64/32768 chars
Exit code:	0


Version:	3.14
CmdLine:	D:\KtisiDonjo\out\artifacts\KtisiDonjo_jar\KtisiDonjo.exe --l4j-debug
WOW64:		yes
Working dir:	D:\KtisiDonjo\out\artifacts\KtisiDonjo_jar\.
Java min ver:	1.001.000
Java max ver:	
64-bit search:	SOFTWARE\JavaSoft\Java Runtime Environment...
Check:		SOFTWARE\JavaSoft\Java Runtime Environment\1.8
Check launcher:	C:\Program Files\Java\jre1.8.0_211\bin\javaw.exe (OK)
Match:		1.008.000
Check:		SOFTWARE\JavaSoft\Java Runtime Environment\1.8.0_211
Check launcher:	C:\Program Files\Java\jre1.8.0_211\bin\javaw.exe (OK)
Match:		1.008.000_211
64-bit search:	SOFTWARE\JavaSoft\Java Development Kit...
64-bit search:	SOFTWARE\JavaSoft\JRE...
64-bit search:	SOFTWARE\JavaSoft\JDK...
Check:		SOFTWARE\JavaSoft\JDK\12.0.1
Check launcher:	C:\Program Files\Java\jdk-12.0.1\bin\javaw.exe (OK)
Match:		1.012.000_001
Runtime used:	1.012.000_001 (64-bit)
Launcher:	C:\Program Files\Java\jdk-12.0.1\bin\javaw.exe
Launcher args:	-jar "D:\KtisiDonjo\out\artifacts\KtisiDonjo_jar\KtisiDonjo.exe"
Args length:	64/32768 chars
Exit code:	0


Version:	3.14
CmdLine:	D:\KtisiDonjo\out\artifacts\KtisiDonjo_jar\KtisiDonjo.exe --l4j-debug
WOW64:		yes
Working dir:	D:\KtisiDonjo\out\artifacts\KtisiDonjo_jar\.
Java min ver:	1.001.000
Java max ver:	
64-bit search:	SOFTWARE\JavaSoft\Java Runtime Environment...
Check:		SOFTWARE\JavaSoft\Java Runtime Environment\1.8
Check launcher:	C:\Program Files\Java\jre1.8.0_211\bin\javaw.exe (OK)
Match:		1.008.000
Check:		SOFTWARE\JavaSoft\Java Runtime Environment\1.8.0_211
Check launcher:	C:\Program Files\Java\jre1.8.0_211\bin\javaw.exe (OK)
Match:		1.008.000_211
64-bit search:	SOFTWARE\JavaSoft\Java Development Kit...
64-bit search:	SOFTWARE\JavaSoft\JRE...
64-bit search:	SOFTWARE\JavaSoft\JDK...
Check:		SOFTWARE\JavaSoft\JDK\12.0.1
Check launcher:	C:\Program Files\Java\jdk-12.0.1\bin\javaw.exe (OK)
Match:		1.012.000_001
Runtime used:	1.012.000_001 (64-bit)
Launcher:	C:\Program Files\Java\jdk-12.0.1\bin\javaw.exe
Launcher args:	-jar "D:\KtisiDonjo\out\artifacts\KtisiDonjo_jar\KtisiDonjo.exe"
Args length:	64/32768 chars
Exit code:	0


Version:	3.14
CmdLine:	D:\KtisiDonjo\out\artifacts\KtisiDonjo_jar\KtisiDonjo.exe --l4j-debug
WOW64:		yes
Working dir:	D:\KtisiDonjo\out\artifacts\KtisiDonjo_jar\.
Java min ver:	1.011.001_000
Java max ver:	
64-bit search:	SOFTWARE\JavaSoft\Java Runtime Environment...
Check:		SOFTWARE\JavaSoft\Java Runtime Environment\1.8
Ignore:		1.008.000
Check:		SOFTWARE\JavaSoft\Java Runtime Environment\1.8.0_211
Ignore:		1.008.000_211
32-bit search:	SOFTWARE\JavaSoft\Java Runtime Environment...
64-bit search:	SOFTWARE\JavaSoft\Java Development Kit...
32-bit search:	SOFTWARE\JavaSoft\Java Development Kit...
64-bit search:	SOFTWARE\JavaSoft\JRE...
32-bit search:	SOFTWARE\JavaSoft\JRE...
64-bit search:	SOFTWARE\JavaSoft\JDK...
Check:		SOFTWARE\JavaSoft\JDK\12.0.1
Check launcher:	C:\Program Files\Java\jdk-12.0.1\bin\javaw.exe (OK)
Match:		1.012.000_001
Runtime used:	1.012.000_001 (64-bit)
Launcher:	C:\Program Files\Java\jdk-12.0.1\bin\javaw.exe
Launcher args:	 --module-path "D:\Material\javafx-sdk-17.0.1\lib" --add-modules javafx.controls,javafx.graphics,javafx.fxml,javafx.base --win-shortcut --win-menu -jar "D:\KtisiDonjo\out\artifacts\KtisiDonjo_jar\KtisiDonjo.exe"
Args length:	211/32768 chars
Exit code:	0


Version:	3.14
CmdLine:	D:\KtisiDonjo\out\artifacts\KtisiDonjo_jar\KtisiDonjo.exe --l4j-debug
WOW64:		yes
Working dir:	D:\KtisiDonjo\out\artifacts\KtisiDonjo_jar\.
Java min ver:	1.011.001_000
Java max ver:	
64-bit search:	SOFTWARE\JavaSoft\Java Runtime Environment...
Check:		SOFTWARE\JavaSoft\Java Runtime Environment\1.8
Ignore:		1.008.000
Check:		SOFTWARE\JavaSoft\Java Runtime Environment\1.8.0_211
Ignore:		1.008.000_211
32-bit search:	SOFTWARE\JavaSoft\Java Runtime Environment...
64-bit search:	SOFTWARE\JavaSoft\Java Development Kit...
32-bit search:	SOFTWARE\JavaSoft\Java Development Kit...
64-bit search:	SOFTWARE\JavaSoft\JRE...
32-bit search:	SOFTWARE\JavaSoft\JRE...
64-bit search:	SOFTWARE\JavaSoft\JDK...
Check:		SOFTWARE\JavaSoft\JDK\12.0.1
Check launcher:	C:\Program Files\Java\jdk-12.0.1\bin\javaw.exe (OK)
Match:		1.012.000_001
Runtime used:	1.012.000_001 (64-bit)
Launcher:	C:\Program Files\Java\jdk-12.0.1\bin\javaw.exe
Launcher args:	 --module-path "D:\Material\javafx-sdk-17.0.1\lib" --add-modules javafx.controls,javafx.graphics,javafx.fxml,javafx.base --win-shortcut --win-menu -jar "D:\KtisiDonjo\out\artifacts\KtisiDonjo_jar\KtisiDonjo.exe"
Args length:	211/32768 chars
Exit code:	0


Version:	3.14
CmdLine:	D:\KtisiDonjo\out\artifacts\KtisiDonjo_jar\KtisiDonjo.exe --l4j-debug
WOW64:		yes
Working dir:	D:\KtisiDonjo\out\artifacts\KtisiDonjo_jar\.
Java min ver:	1.011.001_000
Java max ver:	
64-bit search:	SOFTWARE\JavaSoft\Java Runtime Environment...
Check:		SOFTWARE\JavaSoft\Java Runtime Environment\1.8
Ignore:		1.008.000
Check:		SOFTWARE\JavaSoft\Java Runtime Environment\1.8.0_211
Ignore:		1.008.000_211
32-bit search:	SOFTWARE\JavaSoft\Java Runtime Environment...
64-bit search:	SOFTWARE\JavaSoft\Java Development Kit...
32-bit search:	SOFTWARE\JavaSoft\Java Development Kit...
64-bit search:	SOFTWARE\JavaSoft\JRE...
32-bit search:	SOFTWARE\JavaSoft\JRE...
64-bit search:	SOFTWARE\JavaSoft\JDK...
Check:		SOFTWARE\JavaSoft\JDK\12.0.1
Check launcher:	C:\Program Files\Java\jdk-12.0.1\bin\javaw.exe (OK)
Match:		1.012.000_001
Runtime used:	1.012.000_001 (64-bit)
Launcher:	C:\Program Files\Java\jdk-12.0.1\bin\javaw.exe
Launcher args:	--module-path "D:\Material\javafx-sdk-17.0.1\lib" --add-modules javafx.controls,javafx.graphics,javafx.fxml,javafx.base -jar "D:\KtisiDonjo\out\artifacts\KtisiDonjo_jar\KtisiDonjo.exe"
Args length:	184/32768 chars
Exit code:	0


Version:	3.14
CmdLine:	D:\KtisiDonjo\out\artifacts\KtisiDonjo_jar\KtisiDonjo.exe --l4j-debug
WOW64:		yes
Working dir:	D:\KtisiDonjo\out\artifacts\KtisiDonjo_jar\.
Java min ver:	1.011.001_000
Java max ver:	
64-bit search:	SOFTWARE\JavaSoft\Java Runtime Environment...
Check:		SOFTWARE\JavaSoft\Java Runtime Environment\1.8
Ignore:		1.008.000
Check:		SOFTWARE\JavaSoft\Java Runtime Environment\1.8.0_211
Ignore:		1.008.000_211
32-bit search:	SOFTWARE\JavaSoft\Java Runtime Environment...
64-bit search:	SOFTWARE\JavaSoft\Java Development Kit...
32-bit search:	SOFTWARE\JavaSoft\Java Development Kit...
64-bit search:	SOFTWARE\JavaSoft\JRE...
32-bit search:	SOFTWARE\JavaSoft\JRE...
64-bit search:	SOFTWARE\JavaSoft\JDK...
Check:		SOFTWARE\JavaSoft\JDK\12.0.1
Check launcher:	C:\Program Files\Java\jdk-12.0.1\bin\javaw.exe (OK)
Match:		1.012.000_001
Runtime used:	1.012.000_001 (64-bit)
Launcher:	C:\Program Files\Java\jdk-12.0.1\bin\javaw.exe
Launcher args:	--module-path "D:\Material\javafx-sdk-17.0.1\lib" --add-modules javafx.controls,javafx.graphics,javafx.fxml,javafx.base -jar "D:\KtisiDonjo\out\artifacts\KtisiDonjo_jar\KtisiDonjo.exe"
Args length:	184/32768 chars
Exit code:	0


Version:	3.14
CmdLine:	D:\KtisiDonjo\out\artifacts\KtisiDonjo_jar\KtisiDonjo.exe --l4j-debug
WOW64:		yes
Working dir:	D:\KtisiDonjo\out\artifacts\KtisiDonjo_jar\.
Java min ver:	1.011.001_000
Java max ver:	
64-bit search:	SOFTWARE\JavaSoft\Java Runtime Environment...
Check:		SOFTWARE\JavaSoft\Java Runtime Environment\1.8
Ignore:		1.008.000
Check:		SOFTWARE\JavaSoft\Java Runtime Environment\1.8.0_211
Ignore:		1.008.000_211
32-bit search:	SOFTWARE\JavaSoft\Java Runtime Environment...
64-bit search:	SOFTWARE\JavaSoft\Java Development Kit...
32-bit search:	SOFTWARE\JavaSoft\Java Development Kit...
64-bit search:	SOFTWARE\JavaSoft\JRE...
32-bit search:	SOFTWARE\JavaSoft\JRE...
64-bit search:	SOFTWARE\JavaSoft\JDK...
Check:		SOFTWARE\JavaSoft\JDK\12.0.1
Check launcher:	C:\Program Files\Java\jdk-12.0.1\bin\javaw.exe (OK)
Match:		1.012.000_001
Runtime used:	1.012.000_001 (64-bit)
Launcher:	C:\Program Files\Java\jdk-12.0.1\bin\javaw.exe
Launcher args:	jpackage -t exe --name "KtisiDonjo" --app-version 1.0 --input "D:\KtisiDonjo\out\artifacts\KtisiDonjo_jar\" --dest "D:\KtisiDonjo\out\artifacts\KtisiDonjo_jar\" --main-jar "KtisiDonjo.jar" --icon "C:\Users\HP\Downloads\ktisi_2.ico" --module-path "D:\Material\javafx-sdk-17.0.1\lib" --add-modules javafx.controls,javafx.graphics,javafx.fxml,javafx.base --win-shortcut --win-menu -jar "D:\KtisiDonjo\out\artifacts\KtisiDonjo_jar\KtisiDonjo.exe"
Args length:	442/32768 chars
Exit code:	0


Version:	3.14
CmdLine:	D:\KtisiDonjo\out\artifacts\KtisiDonjo_jar\KtisiDonjo.exe --l4j-debug
WOW64:		yes
Working dir:	D:\KtisiDonjo\out\artifacts\KtisiDonjo_jar\.
Java min ver:	1.011.001_000
Java max ver:	
64-bit search:	SOFTWARE\JavaSoft\Java Runtime Environment...
Check:		SOFTWARE\JavaSoft\Java Runtime Environment\1.8
Ignore:		1.008.000
Check:		SOFTWARE\JavaSoft\Java Runtime Environment\1.8.0_211
Ignore:		1.008.000_211
32-bit search:	SOFTWARE\JavaSoft\Java Runtime Environment...
64-bit search:	SOFTWARE\JavaSoft\Java Development Kit...
32-bit search:	SOFTWARE\JavaSoft\Java Development Kit...
64-bit search:	SOFTWARE\JavaSoft\JRE...
32-bit search:	SOFTWARE\JavaSoft\JRE...
64-bit search:	SOFTWARE\JavaSoft\JDK...
Check:		SOFTWARE\JavaSoft\JDK\12.0.1
Check launcher:	C:\Program Files\Java\jdk-12.0.1\bin\javaw.exe (OK)
Match:		1.012.000_001
Runtime used:	1.012.000_001 (64-bit)
Launcher:	C:\Program Files\Java\jdk-12.0.1\bin\javaw.exe
Launcher args:	jpackage -t exe --name "KtisiDonjo" --app-version 1.0 --input "D:\KtisiDonjo\out\artifacts\KtisiDonjo_jar\" --dest "D:\KtisiDonjo\out\artifacts\KtisiDonjo_jar\" --main-jar "KtisiDonjo.jar" --icon "C:\Users\HP\Downloads\ktisi_2.ico" --module-path "D:\Material\javafx-sdk-17.0.1\lib" --add-modules javafx.controls,javafx.graphics,javafx.fxml,javafx.base --win-shortcut --win-menu -jar "D:\KtisiDonjo\out\artifacts\KtisiDonjo_jar\KtisiDonjo.exe"
Args length:	442/32768 chars
Exit code:	0


Version:	3.14
CmdLine:	D:\KtisiDonjo\out\artifacts\KtisiDonjo_jar\KtisiDonjo.exe --l4j-debug
WOW64:		yes
Working dir:	D:\KtisiDonjo\out\artifacts\KtisiDonjo_jar\.
Java min ver:	1.011.001_000
Java max ver:	
64-bit search:	SOFTWARE\JavaSoft\Java Runtime Environment...
Check:		SOFTWARE\JavaSoft\Java Runtime Environment\1.8
Ignore:		1.008.000
Check:		SOFTWARE\JavaSoft\Java Runtime Environment\1.8.0_211
Ignore:		1.008.000_211
32-bit search:	SOFTWARE\JavaSoft\Java Runtime Environment...
64-bit search:	SOFTWARE\JavaSoft\Java Development Kit...
32-bit search:	SOFTWARE\JavaSoft\Java Development Kit...
64-bit search:	SOFTWARE\JavaSoft\JRE...
32-bit search:	SOFTWARE\JavaSoft\JRE...
64-bit search:	SOFTWARE\JavaSoft\JDK...
Check:		SOFTWARE\JavaSoft\JDK\12.0.1
Check launcher:	C:\Program Files\Java\jdk-12.0.1\bin\javaw.exe (OK)
Match:		1.012.000_001
Runtime used:	1.012.000_001 (64-bit)
Launcher:	C:\Program Files\Java\jdk-12.0.1\bin\javaw.exe
Launcher args:	jpackage -t exe --name "KtisiDonjo" --app-version 1.0 --input "D:\KtisiDonjo\out\artifacts\KtisiDonjo_jar\" --dest "D:\KtisiDonjo\out\artifacts\KtisiDonjo_jar\" --main-jar "KtisiDonjo.jar" --icon "C:\Users\HP\Downloads\ktisi_2.ico" --module-path "D:\Material\javafx-sdk-17.0.1\lib" --add-modules javafx.controls,javafx.graphics,javafx.fxml,javafx.base --win-shortcut --win-menu -jar "D:\KtisiDonjo\out\artifacts\KtisiDonjo_jar\KtisiDonjo.exe"
Args length:	442/32768 chars
Exit code:	0


Version:	3.14
CmdLine:	D:\KtisiDonjo\out\artifacts\KtisiDonjo_jar\KtisiDonjo.exe --l4j-debug
WOW64:		yes
Working dir:	D:\KtisiDonjo\out\artifacts\KtisiDonjo_jar\.
Java min ver:	1.011.001_000
Java max ver:	
64-bit search:	SOFTWARE\JavaSoft\Java Runtime Environment...
Check:		SOFTWARE\JavaSoft\Java Runtime Environment\1.8
Ignore:		1.008.000
Check:		SOFTWARE\JavaSoft\Java Runtime Environment\1.8.0_211
Ignore:		1.008.000_211
32-bit search:	SOFTWARE\JavaSoft\Java Runtime Environment...
64-bit search:	SOFTWARE\JavaSoft\Java Development Kit...
32-bit search:	SOFTWARE\JavaSoft\Java Development Kit...
64-bit search:	SOFTWARE\JavaSoft\JRE...
32-bit search:	SOFTWARE\JavaSoft\JRE...
64-bit search:	SOFTWARE\JavaSoft\JDK...
Check:		SOFTWARE\JavaSoft\JDK\12.0.1
Check launcher:	C:\Program Files\Java\jdk-12.0.1\bin\javaw.exe (OK)
Match:		1.012.000_001
Runtime used:	1.012.000_001 (64-bit)
Launcher:	C:\Program Files\Java\jdk-12.0.1\bin\javaw.exe
Launcher args:	--add-modules javafx.controls,javafx.graphics,javafx.fxml,javafx.base --win-shortcut --win-menu -jar "D:\KtisiDonjo\out\artifacts\KtisiDonjo_jar\KtisiDonjo.exe"
Args length:	160/32768 chars
Exit code:	0


Version:	3.14
CmdLine:	D:\KtisiDonjo\out\artifacts\KtisiDonjo_jar\KtisiDonjo.exe --l4j-debug
WOW64:		yes
Working dir:	D:\KtisiDonjo\out\artifacts\KtisiDonjo_jar\.
Java min ver:	1.011.001_000
Java max ver:	
64-bit search:	SOFTWARE\JavaSoft\Java Runtime Environment...
Check:		SOFTWARE\JavaSoft\Java Runtime Environment\1.8
Ignore:		1.008.000
Check:		SOFTWARE\JavaSoft\Java Runtime Environment\1.8.0_211
Ignore:		1.008.000_211
32-bit search:	SOFTWARE\JavaSoft\Java Runtime Environment...
64-bit search:	SOFTWARE\JavaSoft\Java Development Kit...
32-bit search:	SOFTWARE\JavaSoft\Java Development Kit...
64-bit search:	SOFTWARE\JavaSoft\JRE...
32-bit search:	SOFTWARE\JavaSoft\JRE...
64-bit search:	SOFTWARE\JavaSoft\JDK...
Check:		SOFTWARE\JavaSoft\JDK\12.0.1
Check launcher:	C:\Program Files\Java\jdk-12.0.1\bin\javaw.exe (OK)
Match:		1.012.000_001
Runtime used:	1.012.000_001 (64-bit)
Launcher:	C:\Program Files\Java\jdk-12.0.1\bin\javaw.exe
Launcher args:	--module-path "D:\Material\javafx-jmods-17.0.1" --add-modules javafx.controls,javafx.graphics,javafx.fxml,javafx.base --win-shortcut --win-menu -jar "D:\KtisiDonjo\out\artifacts\KtisiDonjo_jar\KtisiDonjo.exe"
Args length:	208/32768 chars
Exit code:	0


Version:	3.14
CmdLine:	D:\KtisiDonjo\out\artifacts\KtisiDonjo_jar\KtisiDonjo.exe --l4j-debug
WOW64:		yes
Working dir:	D:\KtisiDonjo\out\artifacts\KtisiDonjo_jar\.
Java min ver:	1.011.001_000
Java max ver:	
64-bit search:	SOFTWARE\JavaSoft\Java Runtime Environment...
Check:		SOFTWARE\JavaSoft\Java Runtime Environment\1.8
Ignore:		1.008.000
Check:		SOFTWARE\JavaSoft\Java Runtime Environment\1.8.0_211
Ignore:		1.008.000_211
32-bit search:	SOFTWARE\JavaSoft\Java Runtime Environment...
64-bit search:	SOFTWARE\JavaSoft\Java Development Kit...
32-bit search:	SOFTWARE\JavaSoft\Java Development Kit...
64-bit search:	SOFTWARE\JavaSoft\JRE...
32-bit search:	SOFTWARE\JavaSoft\JRE...
64-bit search:	SOFTWARE\JavaSoft\JDK...
Check:		SOFTWARE\JavaSoft\JDK\12.0.1
Check launcher:	C:\Program Files\Java\jdk-12.0.1\bin\javaw.exe (OK)
Match:		1.012.000_001
Runtime used:	1.012.000_001 (64-bit)
Launcher:	C:\Program Files\Java\jdk-12.0.1\bin\javaw.exe
Launcher args:	--module-path "D:\Material\javafx-jmods-17.0.1" --add-modules javafx.controls,javafx.graphics,javafx.fxml,javafx.base --win-shortcut --win-menu -jar "D:\KtisiDonjo\out\artifacts\KtisiDonjo_jar\KtisiDonjo.exe"
Args length:	208/32768 chars
Exit code:	0


Version:	3.14
CmdLine:	D:\KtisiDonjo\out\artifacts\KtisiDonjo_jar\KtisiDonjo.exe --l4j-debug
WOW64:		yes
Working dir:	D:\KtisiDonjo\out\artifacts\KtisiDonjo_jar\.
Java min ver:	1.011.001_000
Java max ver:	
64-bit search:	SOFTWARE\JavaSoft\Java Runtime Environment...
Check:		SOFTWARE\JavaSoft\Java Runtime Environment\1.8
Ignore:		1.008.000
Check:		SOFTWARE\JavaSoft\Java Runtime Environment\1.8.0_211
Ignore:		1.008.000_211
32-bit search:	SOFTWARE\JavaSoft\Java Runtime Environment...
64-bit search:	SOFTWARE\JavaSoft\Java Development Kit...
32-bit search:	SOFTWARE\JavaSoft\Java Development Kit...
64-bit search:	SOFTWARE\JavaSoft\JRE...
32-bit search:	SOFTWARE\JavaSoft\JRE...
64-bit search:	SOFTWARE\JavaSoft\JDK...
Check:		SOFTWARE\JavaSoft\JDK\12.0.1
Check launcher:	C:\Program Files\Java\jdk-12.0.1\bin\javaw.exe (OK)
Match:		1.012.000_001
Runtime used:	1.012.000_001 (64-bit)
Launcher:	C:\Program Files\Java\jdk-12.0.1\bin\javaw.exe
Launcher args:	--module-path "D:\Material\javafx-jmods-17.0.1" --add-modules javafx.controls,javafx.graphics,javafx.fxml,javafx.base -jar "D:\KtisiDonjo\out\artifacts\KtisiDonjo_jar\KtisiDonjo.exe"
Args length:	182/32768 chars
Exit code:	0


Version:	3.14
CmdLine:	D:\KtisiDonjo\out\artifacts\KtisiDonjo_jar\KtisiDonjo.exe --l4j-debug
WOW64:		yes
Working dir:	D:\KtisiDonjo\out\artifacts\KtisiDonjo_jar\.
Java min ver:	1.011.001_000
Java max ver:	
64-bit search:	SOFTWARE\JavaSoft\Java Runtime Environment...
Check:		SOFTWARE\JavaSoft\Java Runtime Environment\1.8
Ignore:		1.008.000
Check:		SOFTWARE\JavaSoft\Java Runtime Environment\1.8.0_211
Ignore:		1.008.000_211
32-bit search:	SOFTWARE\JavaSoft\Java Runtime Environment...
64-bit search:	SOFTWARE\JavaSoft\Java Development Kit...
32-bit search:	SOFTWARE\JavaSoft\Java Development Kit...
64-bit search:	SOFTWARE\JavaSoft\JRE...
32-bit search:	SOFTWARE\JavaSoft\JRE...
64-bit search:	SOFTWARE\JavaSoft\JDK...
Check:		SOFTWARE\JavaSoft\JDK\12.0.1
Check launcher:	C:\Program Files\Java\jdk-12.0.1\bin\javaw.exe (OK)
Match:		1.012.000_001
Runtime used:	1.012.000_001 (64-bit)
Launcher:	C:\Program Files\Java\jdk-12.0.1\bin\javaw.exe
Launcher args:	--module-path "D:\Material\javafx-jmods-17.0.1" --add-modules javafx.controls,javafx.graphics,javafx.fxml,javafx.base -jar "D:\KtisiDonjo\out\artifacts\KtisiDonjo_jar\KtisiDonjo.exe"
Args length:	182/32768 chars
Exit code:	0


Version:	3.14
CmdLine:	D:\KtisiDonjo\out\artifacts\KtisiDonjo_jar\KtisiDonjo.exe --l4j-debug
WOW64:		yes
Working dir:	D:\KtisiDonjo\out\artifacts\KtisiDonjo_jar\.
Java min ver:	1.011.001_000
Java max ver:	
64-bit search:	SOFTWARE\JavaSoft\Java Runtime Environment...
Check:		SOFTWARE\JavaSoft\Java Runtime Environment\1.8
Ignore:		1.008.000
Check:		SOFTWARE\JavaSoft\Java Runtime Environment\1.8.0_211
Ignore:		1.008.000_211
32-bit search:	SOFTWARE\JavaSoft\Java Runtime Environment...
64-bit search:	SOFTWARE\JavaSoft\Java Development Kit...
32-bit search:	SOFTWARE\JavaSoft\Java Development Kit...
64-bit search:	SOFTWARE\JavaSoft\JRE...
32-bit search:	SOFTWARE\JavaSoft\JRE...
64-bit search:	SOFTWARE\JavaSoft\JDK...
Check:		SOFTWARE\JavaSoft\JDK\12.0.1
Check launcher:	C:\Program Files\Java\jdk-12.0.1\bin\javaw.exe (OK)
Match:		1.012.000_001
Runtime used:	1.012.000_001 (64-bit)
Launcher:	C:\Program Files\Java\jdk-12.0.1\bin\javaw.exe
Launcher args:	--module-path "D:\Material\javafx-jmods-17.0.1" --add-modules javafx.controls,javafx.graphics,javafx.fxml,javafx.base -jar "D:\KtisiDonjo\out\artifacts\KtisiDonjo_jar\KtisiDonjo.exe"
Args length:	182/32768 chars
Exit code:	0


Version:	3.14
CmdLine:	D:\KtisiDonjo\out\artifacts\KtisiDonjo_jar\KtisiDonjo.exe --l4j-debug
WOW64:		yes
Working dir:	D:\KtisiDonjo\out\artifacts\KtisiDonjo_jar\.
Java min ver:	1.011.001_000
Java max ver:	
Bundled JRE(s):	C:\Program Files\Java\jre1.8.0_211
Check launcher:	C:\Program Files\Java\jre1.8.0_211\bin\javaw.exe (OK)
Launcher:	C:\Program Files\Java\jre1.8.0_211\bin\javaw.exe
Launcher args:	--module-path "D:\Material\javafx-jmods-17.0.1" --add-modules javafx.controls,javafx.graphics,javafx.fxml,javafx.base -jar "D:\KtisiDonjo\out\artifacts\KtisiDonjo_jar\KtisiDonjo.exe"
Args length:	182/32768 chars
Exit code:	0


Version:	3.14
CmdLine:	D:\KtisiDonjo\out\artifacts\KtisiDonjo_jar\KtisiDonjo.exe --l4j-debug
WOW64:		yes
Working dir:	D:\KtisiDonjo\out\artifacts\KtisiDonjo_jar\.
Java min ver:	1.011.001_000
Java max ver:	
Bundled JRE(s):	C:\Program Files\Java\jre1.8.0_211
Check launcher:	C:\Program Files\Java\jre1.8.0_211\bin\javaw.exe (OK)
Launcher:	C:\Program Files\Java\jre1.8.0_211\bin\javaw.exe
Launcher args:	--module-path "D:\Material\javafx-jmods-17.0.1" --add-modules javafx.controls,javafx.graphics,javafx.fxml,javafx.base -jar "D:\KtisiDonjo\out\artifacts\KtisiDonjo_jar\KtisiDonjo.exe"
Args length:	182/32768 chars
Exit code:	0


Version:	3.14
CmdLine:	D:\KtisiDonjo\out\artifacts\KtisiDonjo_jar\KtisiDonjo.exe --l4j-debug
WOW64:		yes
Working dir:	D:\KtisiDonjo\out\artifacts\KtisiDonjo_jar\.
Java min ver:	1.011.001_000
Java max ver:	
Bundled JRE(s):	C:\Program Files\Java\jre1.8.0_211
Check launcher:	C:\Program Files\Java\jre1.8.0_211\bin\javaw.exe (OK)
Launcher:	C:\Program Files\Java\jre1.8.0_211\bin\javaw.exe
Launcher args:	-jar "D:\KtisiDonjo\out\artifacts\KtisiDonjo_jar\KtisiDonjo.exe"
Args length:	64/32768 chars
Exit code:	0


Version:	3.14
CmdLine:	D:\KtisiDonjo\out\artifacts\KtisiDonjo_jar\KtisiDonjo.exe --l4j-debug
WOW64:		yes
Working dir:	D:\KtisiDonjo\out\artifacts\KtisiDonjo_jar\.
Java min ver:	1.011.001_000
Java max ver:	
Bundled JRE(s):	C:\Program Files\Java\jre1.8.0_211
Check launcher:	C:\Program Files\Java\jre1.8.0_211\bin\javaw.exe (OK)
Launcher:	C:\Program Files\Java\jre1.8.0_211\bin\javaw.exe
Launcher args:	-jar "D:\KtisiDonjo\out\artifacts\KtisiDonjo_jar\KtisiDonjo.exe"
Args length:	64/32768 chars
Exit code:	0


Version:	3.14
CmdLine:	D:\KtisiDonjo\out\artifacts\KtisiDonjo_jar\KtisiDonjo.exe --l4j-debug
WOW64:		yes
Working dir:	D:\KtisiDonjo\out\artifacts\KtisiDonjo_jar\.
Java min ver:	1.011.001_000
Java max ver:	
Bundled JRE(s):	C:\Program Files\Java\jre1.8.0_211
Check launcher:	C:\Program Files\Java\jre1.8.0_211\bin\javaw.exe (OK)
Launcher:	C:\Program Files\Java\jre1.8.0_211\bin\javaw.exe
Launcher args:	-jar "D:\KtisiDonjo\out\artifacts\KtisiDonjo_jar\KtisiDonjo.exe"
Args length:	64/32768 chars
Exit code:	0


Version:	3.14
CmdLine:	D:\KtisiDonjo\out\artifacts\KtisiDonjo_jar\KtisiDonjo.exe --l4j-debug
WOW64:		yes
Working dir:	D:\KtisiDonjo\out\artifacts\KtisiDonjo_jar\.
Java min ver:	1.001.000
Java max ver:	
Bundled JRE(s):	C:\Program Files\Java\jre1.8.0_211
Check launcher:	C:\Program Files\Java\jre1.8.0_211\bin\javaw.exe (OK)
Launcher:	C:\Program Files\Java\jre1.8.0_211\bin\javaw.exe
Launcher args:	-jar "D:\KtisiDonjo\out\artifacts\KtisiDonjo_jar\KtisiDonjo.exe"
Args length:	64/32768 chars
Exit code:	0
